<?xml version="1.0" encoding="UTF-8"?>
<!-- Generated by org.testng.reporters.JUnitReportReporter -->
<testsuite hostname="Anils-MacBook-Pro.local" name="com.anil.framework.DataDriven.multithreaded_anil" tests="1" failures="0" timestamp="7 Aug 2016 21:30:17 GMT" time="4.566" errors="0">
  <testcase name="googleTest" time="4.566" classname="com.anil.framework.DataDriven.multithreaded_anil"/>
</testsuite> <!-- com.anil.framework.DataDriven.multithreaded_anil -->
