<?xml version="1.0" encoding="UTF-8"?>
<!-- Generated by org.testng.reporters.JUnitReportReporter -->
<testsuite hostname="Anils-MacBook-Pro.local" name="com.anil.framework.DataDriven.TestNG_DataDriver2" tests="4" failures="0" timestamp="7 Aug 2016 21:30:17 GMT" time="30.155" errors="0">
  <testcase name="searchFlightsWithMultiData" time="7.756" classname="com.anil.framework.DataDriven.TestNG_DataDriver2"/>
  <testcase name="searchFlightsWithMultiData" time="8.383" classname="com.anil.framework.DataDriven.TestNG_DataDriver2"/>
  <testcase name="searchFlightsWithMultiData" time="6.878" classname="com.anil.framework.DataDriven.TestNG_DataDriver2"/>
  <testcase name="searchFlightsWithMultiData" time="7.138" classname="com.anil.framework.DataDriven.TestNG_DataDriver2"/>
</testsuite> <!-- com.anil.framework.DataDriven.TestNG_DataDriver2 -->
