<?xml version="1.0" encoding="UTF-8"?>
<!-- Generated by org.testng.reporters.JUnitReportReporter -->
<testsuite hostname="Anils-MacBook-Pro.local" name="com.anil.framework.DataDriven.TestNG_DataDriver" tests="2" failures="0" timestamp="7 Aug 2016 16:36:36 GMT" time="13.920" errors="0">
  <testcase name="searchFlightsWithMultiData" time="6.880" classname="com.anil.framework.DataDriven.TestNG_DataDriver"/>
  <testcase name="searchFlightsWithMultiData" time="7.040" classname="com.anil.framework.DataDriven.TestNG_DataDriver"/>
</testsuite> <!-- com.anil.framework.DataDriven.TestNG_DataDriver -->
