<?xml version="1.0" encoding="UTF-8"?>
<!-- Generated by org.testng.reporters.JUnitReportReporter -->
<testsuite hostname="Anils-MacBook-Pro.local" name="com.anil.framework.DataDriven.Test_TestNG_Grouping" tests="3" failures="0" timestamp="5 Aug 2016 13:41:00 GMT" time="0.008" errors="0">
  <testcase name="AudiA6" time="0.000" classname="com.anil.framework.DataDriven.Test_TestNG_Grouping"/>
  <testcase name="BMWX3" time="0.001" classname="com.anil.framework.DataDriven.Test_TestNG_Grouping"/>
  <testcase name="BMW3Series" time="0.007" classname="com.anil.framework.DataDriven.Test_TestNG_Grouping"/>
</testsuite> <!-- com.anil.framework.DataDriven.Test_TestNG_Grouping -->
