<?xml version="1.0" encoding="UTF-8"?>
<!-- Generated by org.testng.reporters.JUnitReportReporter -->
<testsuite hostname="Anils-MacBook-Pro.local" name="com.anil.framework.DataDriven.Test_FlightsBooking_EventHandle" tests="2" failures="0" timestamp="8 Aug 2016 19:55:37 GMT" time="14.540" errors="0">
  <testcase name="packageDealsFlyingFromSelect" time="7.090" classname="com.anil.framework.DataDriven.Test_FlightsBooking_EventHandle"/>
  <testcase name="packageDealsFlyingFromSelect" time="7.450" classname="com.anil.framework.DataDriven.Test_FlightsBooking_EventHandle"/>
</testsuite> <!-- com.anil.framework.DataDriven.Test_FlightsBooking_EventHandle -->
