<?xml version="1.0" encoding="UTF-8"?>
<!-- Generated by org.testng.reporters.JUnitReportReporter -->
<testsuite hostname="Anils-MacBook-Pro.local" name="com.anil.framework.DataDriven.TestUsingExcel" tests="2" failures="0" timestamp="25 Jul 2016 11:20:45 GMT" time="11.011" errors="0">
  <testcase name="testUsingExcel" time="5.649" classname="com.anil.framework.DataDriven.TestUsingExcel"/>
  <testcase name="testUsingExcel" time="5.362" classname="com.anil.framework.DataDriven.TestUsingExcel"/>
</testsuite> <!-- com.anil.framework.DataDriven.TestUsingExcel -->
