<?xml version="1.0" encoding="UTF-8"?>
<!-- Generated by org.testng.reporters.JUnitReportReporter -->
<testsuite hostname="Anils-MBP.home" name="com.anil.framework.DataDriven.Test_FlightsBooking" tests="2" failures="0" timestamp="2 Aug 2016 12:30:24 GMT" time="7.272" errors="0">
  <testcase name="packageDealsFlyingFromSelect" time="4.040" classname="com.anil.framework.DataDriven.Test_FlightsBooking"/>
  <testcase name="packageDealsFlyingToSelect" time="3.232" classname="com.anil.framework.DataDriven.Test_FlightsBooking"/>
</testsuite> <!-- com.anil.framework.DataDriven.Test_FlightsBooking -->
