<?xml version="1.0" encoding="UTF-8"?>
<!-- Generated by org.testng.reporters.JUnitReportReporter -->
<testsuite hostname="Anils-MacBook-Pro.local" name="com.anil.framework.DataDriven.TestNG_MultiBrowserAndParallelTest" tests="4" failures="0" timestamp="9 Aug 2016 07:11:52 GMT" time="49.132" errors="0">
  <testcase name="searchFlightsWithMultiData" time="11.600" classname="com.anil.framework.DataDriven.TestNG_MultiBrowserAndParallelTest"/>
  <testcase name="searchFlightsWithMultiData" time="14.382" classname="com.anil.framework.DataDriven.TestNG_MultiBrowserAndParallelTest"/>
  <testcase name="searchFlightsWithMultiData" time="12.388" classname="com.anil.framework.DataDriven.TestNG_MultiBrowserAndParallelTest"/>
  <testcase name="searchFlightsWithMultiData" time="10.762" classname="com.anil.framework.DataDriven.TestNG_MultiBrowserAndParallelTest"/>
</testsuite> <!-- com.anil.framework.DataDriven.TestNG_MultiBrowserAndParallelTest -->
