<?xml version="1.0" encoding="UTF-8"?>
<!-- Generated by org.testng.reporters.JUnitReportReporter -->
<testsuite skipped="0" hostname="Anils-MacBook-Pro.local" name="stringReverse" tests="1" failures="0" timestamp="12 Nov 2017 22:49:29 GMT" time="0.008" errors="0">
  <testcase name="StringReverse" time="0.008" classname="stringReverse"/>
</testsuite> <!-- stringReverse -->
