<?xml version="1.0" encoding="UTF-8"?>
<!-- Generated by org.testng.reporters.JUnitReportReporter -->
<testsuite hostname="Anils-MacBook-Pro.local" name="com.anil.framework.DataDriven.Test_TestNG_Prioritizing" tests="3" failures="0" timestamp="2 Aug 2016 09:45:32 GMT" time="0.009" errors="0">
  <testcase name="BMW3Series" time="0.002" classname="com.anil.framework.DataDriven.Test_TestNG_Prioritizing"/>
  <testcase name="HondaAccord" time="0.006" classname="com.anil.framework.DataDriven.Test_TestNG_Prioritizing"/>
  <testcase name="BMWX3" time="0.001" classname="com.anil.framework.DataDriven.Test_TestNG_Prioritizing"/>
</testsuite> <!-- com.anil.framework.DataDriven.Test_TestNG_Prioritizing -->
