<?xml version="1.0" encoding="UTF-8"?>
<!-- Generated by org.testng.reporters.JUnitReportReporter -->
<testsuite hostname="Anils-MacBook-Pro.local" name="com.anil.framework.DataDriven.FlightsBooking" tests="1" failures="0" timestamp="27 Jul 2016 11:22:05 GMT" time="13.591" errors="0">
  <testcase name="packageDealsFlyingToSelect" time="13.591" classname="com.anil.framework.DataDriven.FlightsBooking"/>
</testsuite> <!-- com.anil.framework.DataDriven.FlightsBooking -->
